<?xml version="1.0" encoding="UTF-8"?>
<testsuite xmlns:xsi="http://www.w3.org/2001/XMLSchema-instance" xsi:noNamespaceSchemaLocation="https://maven.apache.org/surefire/maven-surefire-plugin/xsd/surefire-test-report-3.0.xsd" version="3.0" name="ejercicio2.listaTest" time="0.043" tests="3" errors="0" skipped="0" failures="1">
  <properties>
[...]
</properties>
  <testcase name="testParaCadaCopiarEnOtraLista" classname="ejercicio2.listaTest" time="0.018"/>
  <testcase name="testSoloLosQueEmpiezanPorP" classname="ejercicio2.listaTest" time="0.004">
    <failure message="expected: java.lang.String@76908cc0&lt;[Podwaidp, Podwaidp]&gt; but was: ejercicio2.Lista@2473d930&lt;[Podwaidp, Podwaidp]&gt;" type="org.opentest4j.AssertionFailedError"><![CDATA[org.opentest4j.AssertionFailedError: expected: java.lang.String@76908cc0<[Podwaidp, Podwaidp]> but was: ejercicio2.Lista@2473d930<[Podwaidp, Podwaidp]>
	at org.junit.jupiter.api.AssertionFailureBuilder.build(AssertionFailureBuilder.java:151)
	at org.junit.jupiter.api.AssertionFailureBuilder.buildAndThrow(AssertionFailureBuilder.java:132)
	at org.junit.jupiter.api.AssertEquals.failNotEqual(AssertEquals.java:197)
	at org.junit.jupiter.api.AssertEquals.assertEquals(AssertEquals.java:182)
	at org.junit.jupiter.api.AssertEquals.assertEquals(AssertEquals.java:177)
	at org.junit.jupiter.api.Assertions.assertEquals(Assertions.java:1145)
	at ejercicio2.listaTest.testSoloLosQueEmpiezanPorP(listaTest.java:49)
	at java.base/java.lang.reflect.Method.invoke(Method.java:565)
	at java.base/java.util.ArrayList.forEach(ArrayList.java:1604)
	at java.base/java.util.ArrayList.forEach(ArrayList.java:1604)
]]></failure>
  </testcase>
  <testcase name="testExisteMayorQue100YMenorQue1000" classname="ejercicio2.listaTest" time="0.001"/>
</testsuite>